0 info it worked if it ends with ok
1 verbose cli [ 'C:\\Program Files\\nodejs\\node.exe',
1 verbose cli   'C:\\Program Files\\nodejs\\node_modules\\npm\\bin\\npm-cli.js',
1 verbose cli   'publish' ]
2 info using npm@3.3.12
3 info using node@v5.4.0
4 verbose publish [ '.' ]
5 silly cache add args [ '.', null ]
6 verbose cache add spec .
7 silly cache add parsed spec Result {
7 silly cache add   raw: '.',
7 silly cache add   scope: null,
7 silly cache add   name: null,
7 silly cache add   rawSpec: '.',
7 silly cache add   spec: 'D:\\Work\\Code\\antlr4-js-min',
7 silly cache add   type: 'directory' }
8 verbose addLocalDirectory C:\Users\Mircea\AppData\Roaming\npm-cache\antlr4-js-min\1.0.0\package.tgz not in flight; packing
9 info lifecycle antlr4-js-min@1.0.0~prepublish: antlr4-js-min@1.0.0
10 silly lifecycle antlr4-js-min@1.0.0~prepublish: no script for prepublish, continuing
11 verbose tar pack [ 'C:\\Users\\Mircea\\AppData\\Roaming\\npm-cache\\antlr4-js-min\\1.0.0\\package.tgz',
11 verbose tar pack   'D:\\Work\\Code\\antlr4-js-min' ]
12 verbose tarball C:\Users\Mircea\AppData\Roaming\npm-cache\antlr4-js-min\1.0.0\package.tgz
13 verbose folder D:\Work\Code\antlr4-js-min
14 verbose addLocalTarball adding from inside cache C:\Users\Mircea\AppData\Roaming\npm-cache\antlr4-js-min\1.0.0\package.tgz
15 silly cache afterAdd antlr4-js-min@1.0.0
16 verbose afterAdd C:\Users\Mircea\AppData\Roaming\npm-cache\antlr4-js-min\1.0.0\package\package.json not in flight; writing
17 verbose afterAdd C:\Users\Mircea\AppData\Roaming\npm-cache\antlr4-js-min\1.0.0\package\package.json written
18 silly publish { name: 'antlr4-js-min',
18 silly publish   version: '1.0.0',
18 silly publish   description: 'The minified/concatenated antlr4 javascript package',
18 silly publish   main: 'antlr4.min.js',
18 silly publish   scripts: { test: 'echo "Error: no test specified" && exit 1' },
18 silly publish   repository:
18 silly publish    { type: 'git',
18 silly publish      url: 'git+https://github.com/OogieBoogieInJSON/antlr4-js-min.git' },
18 silly publish   keywords:
18 silly publish    [ 'antlr4',
18 silly publish      'antlr4 minified',
18 silly publish      'antlr4 mangled',
18 silly publish      'antlr4 uglified' ],
18 silly publish   author: { name: 'Mircea Pop' },
18 silly publish   license: 'MIT',
18 silly publish   bugs: { url: 'https://github.com/OogieBoogieInJSON/antlr4-js-min/issues' },
18 silly publish   homepage: 'https://github.com/OogieBoogieInJSON/antlr4-js-min#readme',
18 silly publish   readme: '### antlr4 minified javascript\n\nThis repository only has the concatenated and uglified files of [antlr4](https://github.com/antlr/antlr4).\nBecause of the way antlr4 javascript was made, it uses a module loader to load a lot of files, which requires a lot of HTTP requests. Sadly, the official repo doesn\'t provide a minified version. You can get it from here :)\n\n### Installation\n```npm install antlr4-js-min```\n',
18 silly publish   readmeFilename: 'README.md',
18 silly publish   gitHead: 'f6fd9eecef31e1c3db3e7ac1977aa329f1284035',
18 silly publish   _id: 'antlr4-js-min@1.0.0',
18 silly publish   _shasum: '01f7df49442b6eb67f461bf3113ca5fa74111a3f',
18 silly publish   _from: '.' }
19 verbose getPublishConfig undefined
20 silly mapToRegistry name antlr4-js-min
21 silly mapToRegistry using default registry
22 silly mapToRegistry registry https://registry.npmjs.org/
23 silly mapToRegistry uri https://registry.npmjs.org/antlr4-js-min
24 verbose publish registryBase https://registry.npmjs.org/
25 silly publish uploading C:\Users\Mircea\AppData\Roaming\npm-cache\antlr4-js-min\1.0.0\package.tgz
26 verbose request uri https://registry.npmjs.org/antlr4-js-min
27 verbose request sending authorization for write operation
28 info attempt registry request try #1 at 13:29:33
29 verbose request using bearer token for auth
30 verbose request id 458bd89a6fb2a01b
31 http request PUT https://registry.npmjs.org/antlr4-js-min
32 http 403 https://registry.npmjs.org/antlr4-js-min
33 verbose headers { 'content-type': 'application/json',
33 verbose headers   'cache-control': 'max-age=300',
33 verbose headers   'content-length': '95',
33 verbose headers   'accept-ranges': 'bytes',
33 verbose headers   date: 'Sat, 23 Jan 2016 11:29:32 GMT',
33 verbose headers   via: '1.1 varnish',
33 verbose headers   connection: 'keep-alive',
33 verbose headers   'x-served-by': 'cache-fra1241-FRA',
33 verbose headers   'x-cache': 'MISS',
33 verbose headers   'x-cache-hits': '0',
33 verbose headers   'x-timer': 'S1453548570.671749,VS0,VE1653' }
34 verbose request invalidating C:\Users\Mircea\AppData\Roaming\npm-cache\registry.npmjs.org\antlr4-js-min on PUT
35 error publish Failed PUT 403
36 verbose stack Error: "You cannot publish over the previously published version 1.0.0." : antlr4-js-min
36 verbose stack     at makeError (C:\Users\Mircea\AppData\Roaming\nvm\v5.4.0\node_modules\npm\node_modules\npm-registry-client\lib\request.js:264:12)
36 verbose stack     at CachingRegistryClient.<anonymous> (C:\Users\Mircea\AppData\Roaming\nvm\v5.4.0\node_modules\npm\node_modules\npm-registry-client\lib\request.js:252:14)
36 verbose stack     at Request._callback (C:\Users\Mircea\AppData\Roaming\nvm\v5.4.0\node_modules\npm\node_modules\npm-registry-client\lib\request.js:172:14)
36 verbose stack     at Request.self.callback (C:\Users\Mircea\AppData\Roaming\nvm\v5.4.0\node_modules\npm\node_modules\request\request.js:198:22)
36 verbose stack     at emitTwo (events.js:87:13)
36 verbose stack     at Request.emit (events.js:172:7)
36 verbose stack     at Request.<anonymous> (C:\Users\Mircea\AppData\Roaming\nvm\v5.4.0\node_modules\npm\node_modules\request\request.js:1082:10)
36 verbose stack     at emitOne (events.js:82:20)
36 verbose stack     at Request.emit (events.js:169:7)
36 verbose stack     at IncomingMessage.<anonymous> (C:\Users\Mircea\AppData\Roaming\nvm\v5.4.0\node_modules\npm\node_modules\request\request.js:1009:12)
37 verbose statusCode 403
38 verbose pkgid antlr4-js-min
39 verbose cwd D:\Work\Code\antlr4-js-min
40 error Windows_NT 6.1.7600
41 error argv "C:\\Program Files\\nodejs\\node.exe" "C:\\Program Files\\nodejs\\node_modules\\npm\\bin\\npm-cli.js" "publish"
42 error node v5.4.0
43 error npm  v3.3.12
44 error code E403
45 error "You cannot publish over the previously published version 1.0.0." : antlr4-js-min
46 error If you need help, you may report this error at:
46 error     <https://github.com/npm/npm/issues>
47 verbose exit [ 1, true ]
